
MATCH var: Did expect TMP2                                                              
var_match.hte:3: error: CLT0-0 Invalid argument(22)                                      FAILED
